python: can't open file '/home/jupyter/attention-learn-to-route/playground/time_series.py': [Errno 2] No such file or directory
/opt/conda/envs/attention_tsp/lib/python3.12/site-packages/torch/nn/modules/transformer.py:306: UserWarning: enable_nested_tensor is True, but self.use_nested_tensor is False because encoder_layer.self_attn.batch_first was not True(use batch_first for better inference performance)
  warnings.warn(f"enable_nested_tensor is True, but self.use_nested_tensor is False because {why_not_sparsity_fast_path}")
/opt/conda/envs/attention_tsp/lib/python3.12/site-packages/torch/cuda/__init__.py:619: UserWarning: Can't initialize NVML
  warnings.warn("Can't initialize NVML")
/opt/conda/envs/attention_tsp/lib/python3.12/site-packages/torch/optim/lr_scheduler.py:402: UserWarning: To get the last learning rate computed by the scheduler, please use `get_last_lr()`.
  warnings.warn("To get the last learning rate computed by the scheduler, "
| epoch   1 |    62/  310 batches | lr 0.005000 | 69.74 ms | loss 4.90329 | ppl   134.73
| epoch   1 |   124/  310 batches | lr 0.005000 | 65.76 ms | loss 0.10625 | ppl     1.11
| epoch   1 |   186/  310 batches | lr 0.005000 | 63.92 ms | loss 0.09824 | ppl     1.10
| epoch   1 |   248/  310 batches | lr 0.005000 | 64.70 ms | loss 0.09723 | ppl     1.10
-----------------------------------------------------------------------------------------
| end of epoch   1 | time: 21.75s | valid loss 0.04067 | valid ppl     1.04
-----------------------------------------------------------------------------------------
| epoch   2 |    62/  310 batches | lr 0.004513 | 65.17 ms | loss 0.02040 | ppl     1.02
| epoch   2 |   124/  310 batches | lr 0.004513 | 63.64 ms | loss 0.01499 | ppl     1.02
| epoch   2 |   186/  310 batches | lr 0.004513 | 62.83 ms | loss 0.01275 | ppl     1.01
| epoch   2 |   248/  310 batches | lr 0.004513 | 63.06 ms | loss 0.02135 | ppl     1.02
-----------------------------------------------------------------------------------------
| end of epoch   2 | time: 21.19s | valid loss 0.03874 | valid ppl     1.04
-----------------------------------------------------------------------------------------
| epoch   3 |    62/  310 batches | lr 0.004287 | 64.84 ms | loss 0.01273 | ppl     1.01
| epoch   3 |   124/  310 batches | lr 0.004287 | 69.73 ms | loss 0.01345 | ppl     1.01
| epoch   3 |   186/  310 batches | lr 0.004287 | 62.89 ms | loss 0.01316 | ppl     1.01
| epoch   3 |   248/  310 batches | lr 0.004287 | 64.54 ms | loss 0.01299 | ppl     1.01
-----------------------------------------------------------------------------------------
| end of epoch   3 | time: 21.92s | valid loss 0.03863 | valid ppl     1.04
-----------------------------------------------------------------------------------------
| epoch   4 |    62/  310 batches | lr 0.004073 | 67.20 ms | loss 0.01278 | ppl     1.01
| epoch   4 |   124/  310 batches | lr 0.004073 | 65.01 ms | loss 0.01153 | ppl     1.01
| epoch   4 |   186/  310 batches | lr 0.004073 | 64.73 ms | loss 0.01256 | ppl     1.01
| epoch   4 |   248/  310 batches | lr 0.004073 | 63.01 ms | loss 0.01273 | ppl     1.01
-----------------------------------------------------------------------------------------
| end of epoch   4 | time: 21.41s | valid loss 0.03734 | valid ppl     1.04
-----------------------------------------------------------------------------------------
| epoch   5 |    62/  310 batches | lr 0.003869 | 64.17 ms | loss 0.01324 | ppl     1.01
| epoch   5 |   124/  310 batches | lr 0.003869 | 62.15 ms | loss 0.01343 | ppl     1.01
| epoch   5 |   186/  310 batches | lr 0.003869 | 63.05 ms | loss 0.01375 | ppl     1.01
| epoch   5 |   248/  310 batches | lr 0.003869 | 64.13 ms | loss 0.01353 | ppl     1.01
-----------------------------------------------------------------------------------------
| end of epoch   5 | time: 22.93s | valid loss 0.04031 | valid ppl     1.04
-----------------------------------------------------------------------------------------
| epoch   6 |    62/  310 batches | lr 0.003675 | 69.31 ms | loss 0.01300 | ppl     1.01
| epoch   6 |   124/  310 batches | lr 0.003675 | 63.99 ms | loss 0.01142 | ppl     1.01
| epoch   6 |   186/  310 batches | lr 0.003675 | 64.33 ms | loss 0.01367 | ppl     1.01
| epoch   6 |   248/  310 batches | lr 0.003675 | 69.53 ms | loss 0.01273 | ppl     1.01
-----------------------------------------------------------------------------------------
| end of epoch   6 | time: 22.00s | valid loss 0.04083 | valid ppl     1.04
-----------------------------------------------------------------------------------------
| epoch   7 |    62/  310 batches | lr 0.003492 | 64.75 ms | loss 0.01182 | ppl     1.01
| epoch   7 |   124/  310 batches | lr 0.003492 | 63.36 ms | loss 0.01115 | ppl     1.01
| epoch   7 |   186/  310 batches | lr 0.003492 | 64.18 ms | loss 0.01265 | ppl     1.01
| epoch   7 |   248/  310 batches | lr 0.003492 | 63.56 ms | loss 0.01248 | ppl     1.01
-----------------------------------------------------------------------------------------
| end of epoch   7 | time: 21.28s | valid loss 0.03186 | valid ppl     1.03
-----------------------------------------------------------------------------------------
| epoch   8 |    62/  310 batches | lr 0.003317 | 64.60 ms | loss 0.01132 | ppl     1.01
| epoch   8 |   124/  310 batches | lr 0.003317 | 63.66 ms | loss 0.01128 | ppl     1.01
| epoch   8 |   186/  310 batches | lr 0.003317 | 63.46 ms | loss 0.01178 | ppl     1.01
| epoch   8 |   248/  310 batches | lr 0.003317 | 63.86 ms | loss 0.01233 | ppl     1.01
-----------------------------------------------------------------------------------------
| end of epoch   8 | time: 21.43s | valid loss 0.03202 | valid ppl     1.03
-----------------------------------------------------------------------------------------
| epoch   9 |    62/  310 batches | lr 0.003151 | 64.21 ms | loss 0.01172 | ppl     1.01
| epoch   9 |   124/  310 batches | lr 0.003151 | 63.76 ms | loss 0.01099 | ppl     1.01
| epoch   9 |   186/  310 batches | lr 0.003151 | 70.18 ms | loss 0.01230 | ppl     1.01
| epoch   9 |   248/  310 batches | lr 0.003151 | 64.33 ms | loss 0.01247 | ppl     1.01
-----------------------------------------------------------------------------------------
| end of epoch   9 | time: 21.64s | valid loss 0.03633 | valid ppl     1.04
-----------------------------------------------------------------------------------------
| epoch  10 |    62/  310 batches | lr 0.002994 | 66.78 ms | loss 0.01216 | ppl     1.01
| epoch  10 |   124/  310 batches | lr 0.002994 | 63.45 ms | loss 0.01185 | ppl     1.01
| epoch  10 |   186/  310 batches | lr 0.002994 | 64.67 ms | loss 0.01293 | ppl     1.01
| epoch  10 |   248/  310 batches | lr 0.002994 | 63.99 ms | loss 0.01314 | ppl     1.01
-----------------------------------------------------------------------------------------
| end of epoch  10 | time: 22.52s | valid loss 0.03753 | valid ppl     1.04
-----------------------------------------------------------------------------------------
| epoch  11 |    62/  310 batches | lr 0.002844 | 64.86 ms | loss 0.01227 | ppl     1.01
| epoch  11 |   124/  310 batches | lr 0.002844 | 63.62 ms | loss 0.01085 | ppl     1.01
| epoch  11 |   186/  310 batches | lr 0.002844 | 63.23 ms | loss 0.01258 | ppl     1.01
| epoch  11 |   248/  310 batches | lr 0.002844 | 67.71 ms | loss 0.01261 | ppl     1.01
-----------------------------------------------------------------------------------------
| end of epoch  11 | time: 21.50s | valid loss 0.03582 | valid ppl     1.04
-----------------------------------------------------------------------------------------
| epoch  12 |    62/  310 batches | lr 0.002702 | 66.31 ms | loss 0.01177 | ppl     1.01
| epoch  12 |   124/  310 batches | lr 0.002702 | 67.83 ms | loss 0.01128 | ppl     1.01
| epoch  12 |   186/  310 batches | lr 0.002702 | 64.04 ms | loss 0.01198 | ppl     1.01
| epoch  12 |   248/  310 batches | lr 0.002702 | 62.64 ms | loss 0.01209 | ppl     1.01
-----------------------------------------------------------------------------------------
| end of epoch  12 | time: 21.47s | valid loss 0.03562 | valid ppl     1.04
-----------------------------------------------------------------------------------------
| epoch  13 |    62/  310 batches | lr 0.002567 | 65.47 ms | loss 0.01197 | ppl     1.01
| epoch  13 |   124/  310 batches | lr 0.002567 | 64.17 ms | loss 0.01039 | ppl     1.01
| epoch  13 |   186/  310 batches | lr 0.002567 | 64.38 ms | loss 0.01145 | ppl     1.01
| epoch  13 |   248/  310 batches | lr 0.002567 | 63.29 ms | loss 0.01183 | ppl     1.01
-----------------------------------------------------------------------------------------
| end of epoch  13 | time: 21.25s | valid loss 0.03248 | valid ppl     1.03
-----------------------------------------------------------------------------------------
| epoch  14 |    62/  310 batches | lr 0.002438 | 63.74 ms | loss 0.01202 | ppl     1.01
| epoch  14 |   124/  310 batches | lr 0.002438 | 63.36 ms | loss 0.01027 | ppl     1.01
| epoch  14 |   186/  310 batches | lr 0.002438 | 67.02 ms | loss 0.01114 | ppl     1.01
| epoch  14 |   248/  310 batches | lr 0.002438 | 62.96 ms | loss 0.01147 | ppl     1.01
-----------------------------------------------------------------------------------------
| end of epoch  14 | time: 21.36s | valid loss 0.03072 | valid ppl     1.03
-----------------------------------------------------------------------------------------
| epoch  15 |    62/  310 batches | lr 0.002316 | 69.29 ms | loss 0.01117 | ppl     1.01
| epoch  15 |   124/  310 batches | lr 0.002316 | 62.75 ms | loss 0.00974 | ppl     1.01
| epoch  15 |   186/  310 batches | lr 0.002316 | 64.65 ms | loss 0.01033 | ppl     1.01
| epoch  15 |   248/  310 batches | lr 0.002316 | 64.45 ms | loss 0.01142 | ppl     1.01
-----------------------------------------------------------------------------------------
| end of epoch  15 | time: 22.61s | valid loss 0.02987 | valid ppl     1.03
-----------------------------------------------------------------------------------------
| epoch  16 |    62/  310 batches | lr 0.002201 | 64.66 ms | loss 0.01123 | ppl     1.01
| epoch  16 |   124/  310 batches | lr 0.002201 | 64.10 ms | loss 0.01012 | ppl     1.01
| epoch  16 |   186/  310 batches | lr 0.002201 | 64.39 ms | loss 0.01044 | ppl     1.01
| epoch  16 |   248/  310 batches | lr 0.002201 | 64.02 ms | loss 0.01146 | ppl     1.01
-----------------------------------------------------------------------------------------
| end of epoch  16 | time: 21.31s | valid loss 0.02910 | valid ppl     1.03
-----------------------------------------------------------------------------------------
| epoch  17 |    62/  310 batches | lr 0.002091 | 64.39 ms | loss 0.01117 | ppl     1.01
| epoch  17 |   124/  310 batches | lr 0.002091 | 66.14 ms | loss 0.00973 | ppl     1.01
| epoch  17 |   186/  310 batches | lr 0.002091 | 63.51 ms | loss 0.01032 | ppl     1.01
| epoch  17 |   248/  310 batches | lr 0.002091 | 67.92 ms | loss 0.01129 | ppl     1.01
-----------------------------------------------------------------------------------------
| end of epoch  17 | time: 21.75s | valid loss 0.02694 | valid ppl     1.03
-----------------------------------------------------------------------------------------
| epoch  18 |    62/  310 batches | lr 0.001986 | 65.00 ms | loss 0.01119 | ppl     1.01
| epoch  18 |   124/  310 batches | lr 0.001986 | 64.25 ms | loss 0.00973 | ppl     1.01
| epoch  18 |   186/  310 batches | lr 0.001986 | 63.91 ms | loss 0.00981 | ppl     1.01
| epoch  18 |   248/  310 batches | lr 0.001986 | 63.85 ms | loss 0.01135 | ppl     1.01
-----------------------------------------------------------------------------------------
| end of epoch  18 | time: 21.33s | valid loss 0.02513 | valid ppl     1.03
-----------------------------------------------------------------------------------------
| epoch  19 |    62/  310 batches | lr 0.001887 | 64.78 ms | loss 0.01108 | ppl     1.01
| epoch  19 |   124/  310 batches | lr 0.001887 | 65.71 ms | loss 0.00967 | ppl     1.01
| epoch  19 |   186/  310 batches | lr 0.001887 | 62.86 ms | loss 0.01003 | ppl     1.01
| epoch  19 |   248/  310 batches | lr 0.001887 | 64.63 ms | loss 0.01127 | ppl     1.01
-----------------------------------------------------------------------------------------
| end of epoch  19 | time: 21.42s | valid loss 0.02528 | valid ppl     1.03
-----------------------------------------------------------------------------------------
| epoch  20 |    62/  310 batches | lr 0.001792 | 69.54 ms | loss 0.01092 | ppl     1.01
| epoch  20 |   124/  310 batches | lr 0.001792 | 63.51 ms | loss 0.00971 | ppl     1.01
| epoch  20 |   186/  310 batches | lr 0.001792 | 69.22 ms | loss 0.00956 | ppl     1.01
| epoch  20 |   248/  310 batches | lr 0.001792 | 67.23 ms | loss 0.01182 | ppl     1.01
-----------------------------------------------------------------------------------------
| end of epoch  20 | time: 23.04s | valid loss 0.02952 | valid ppl     1.03
-----------------------------------------------------------------------------------------
| epoch  21 |    62/  310 batches | lr 0.001703 | 66.66 ms | loss 0.01073 | ppl     1.01
| epoch  21 |   124/  310 batches | lr 0.001703 | 68.27 ms | loss 0.01005 | ppl     1.01
| epoch  21 |   186/  310 batches | lr 0.001703 | 67.05 ms | loss 0.00942 | ppl     1.01
| epoch  21 |   248/  310 batches | lr 0.001703 | 72.18 ms | loss 0.01140 | ppl     1.01
-----------------------------------------------------------------------------------------
| end of epoch  21 | time: 23.65s | valid loss 0.02078 | valid ppl     1.02
-----------------------------------------------------------------------------------------
| epoch  22 |    62/  310 batches | lr 0.001618 | 66.28 ms | loss 0.01080 | ppl     1.01
| epoch  22 |   124/  310 batches | lr 0.001618 | 64.24 ms | loss 0.00943 | ppl     1.01
| epoch  22 |   186/  310 batches | lr 0.001618 | 62.77 ms | loss 0.00928 | ppl     1.01
| epoch  22 |   248/  310 batches | lr 0.001618 | 67.95 ms | loss 0.01095 | ppl     1.01
-----------------------------------------------------------------------------------------
| end of epoch  22 | time: 21.55s | valid loss 0.01919 | valid ppl     1.02
-----------------------------------------------------------------------------------------
| epoch  23 |    62/  310 batches | lr 0.001537 | 70.76 ms | loss 0.01090 | ppl     1.01
| epoch  23 |   124/  310 batches | lr 0.001537 | 66.30 ms | loss 0.00943 | ppl     1.01
| epoch  23 |   186/  310 batches | lr 0.001537 | 64.00 ms | loss 0.00905 | ppl     1.01
| epoch  23 |   248/  310 batches | lr 0.001537 | 64.40 ms | loss 0.01079 | ppl     1.01
-----------------------------------------------------------------------------------------
| end of epoch  23 | time: 21.80s | valid loss 0.01747 | valid ppl     1.02
-----------------------------------------------------------------------------------------
| epoch  24 |    62/  310 batches | lr 0.001460 | 65.79 ms | loss 0.01063 | ppl     1.01
| epoch  24 |   124/  310 batches | lr 0.001460 | 63.41 ms | loss 0.00946 | ppl     1.01
| epoch  24 |   186/  310 batches | lr 0.001460 | 63.10 ms | loss 0.00907 | ppl     1.01
| epoch  24 |   248/  310 batches | lr 0.001460 | 64.64 ms | loss 0.01079 | ppl     1.01
-----------------------------------------------------------------------------------------
| end of epoch  24 | time: 21.27s | valid loss 0.01799 | valid ppl     1.02
-----------------------------------------------------------------------------------------
| epoch  25 |    62/  310 batches | lr 0.001387 | 65.38 ms | loss 0.01059 | ppl     1.01
| epoch  25 |   124/  310 batches | lr 0.001387 | 68.01 ms | loss 0.00920 | ppl     1.01
| epoch  25 |   186/  310 batches | lr 0.001387 | 67.91 ms | loss 0.00907 | ppl     1.01
| epoch  25 |   248/  310 batches | lr 0.001387 | 64.44 ms | loss 0.01060 | ppl     1.01
-----------------------------------------------------------------------------------------
| end of epoch  25 | time: 23.23s | valid loss 0.02222 | valid ppl     1.02
-----------------------------------------------------------------------------------------
| epoch  26 |    62/  310 batches | lr 0.001318 | 65.20 ms | loss 0.01063 | ppl     1.01
| epoch  26 |   124/  310 batches | lr 0.001318 | 69.06 ms | loss 0.00916 | ppl     1.01
| epoch  26 |   186/  310 batches | lr 0.001318 | 77.31 ms | loss 0.00907 | ppl     1.01
| epoch  26 |   248/  310 batches | lr 0.001318 | 67.31 ms | loss 0.01052 | ppl     1.01
-----------------------------------------------------------------------------------------
| end of epoch  26 | time: 22.77s | valid loss 0.01646 | valid ppl     1.02
-----------------------------------------------------------------------------------------
| epoch  27 |    62/  310 batches | lr 0.001252 | 74.86 ms | loss 0.01049 | ppl     1.01
| epoch  27 |   124/  310 batches | lr 0.001252 | 62.65 ms | loss 0.00921 | ppl     1.01
| epoch  27 |   186/  310 batches | lr 0.001252 | 64.34 ms | loss 0.00890 | ppl     1.01
| epoch  27 |   248/  310 batches | lr 0.001252 | 63.87 ms | loss 0.01035 | ppl     1.01
-----------------------------------------------------------------------------------------
| end of epoch  27 | time: 21.87s | valid loss 0.01421 | valid ppl     1.01
-----------------------------------------------------------------------------------------
| epoch  28 |    62/  310 batches | lr 0.001189 | 67.48 ms | loss 0.01048 | ppl     1.01
| epoch  28 |   124/  310 batches | lr 0.001189 | 64.97 ms | loss 0.00910 | ppl     1.01
| epoch  28 |   186/  310 batches | lr 0.001189 | 67.25 ms | loss 0.00879 | ppl     1.01
| epoch  28 |   248/  310 batches | lr 0.001189 | 67.12 ms | loss 0.01016 | ppl     1.01
-----------------------------------------------------------------------------------------
| end of epoch  28 | time: 22.21s | valid loss 0.01285 | valid ppl     1.01
-----------------------------------------------------------------------------------------
| epoch  29 |    62/  310 batches | lr 0.001130 | 83.27 ms | loss 0.01010 | ppl     1.01
| epoch  29 |   124/  310 batches | lr 0.001130 | 64.77 ms | loss 0.00896 | ppl     1.01
| epoch  29 |   186/  310 batches | lr 0.001130 | 64.28 ms | loss 0.00882 | ppl     1.01
| epoch  29 |   248/  310 batches | lr 0.001130 | 64.02 ms | loss 0.01028 | ppl     1.01
-----------------------------------------------------------------------------------------
| end of epoch  29 | time: 22.60s | valid loss 0.01319 | valid ppl     1.01
-----------------------------------------------------------------------------------------
| epoch  30 |    62/  310 batches | lr 0.001073 | 65.81 ms | loss 0.01004 | ppl     1.01
| epoch  30 |   124/  310 batches | lr 0.001073 | 64.16 ms | loss 0.00889 | ppl     1.01
| epoch  30 |   186/  310 batches | lr 0.001073 | 63.12 ms | loss 0.00873 | ppl     1.01
| epoch  30 |   248/  310 batches | lr 0.001073 | 63.82 ms | loss 0.01002 | ppl     1.01
-----------------------------------------------------------------------------------------
| end of epoch  30 | time: 22.37s | valid loss 0.01928 | valid ppl     1.02
-----------------------------------------------------------------------------------------
| epoch  31 |    62/  310 batches | lr 0.001020 | 64.99 ms | loss 0.01024 | ppl     1.01
| epoch  31 |   124/  310 batches | lr 0.001020 | 78.72 ms | loss 0.00895 | ppl     1.01
| epoch  31 |   186/  310 batches | lr 0.001020 | 64.68 ms | loss 0.00858 | ppl     1.01
| epoch  31 |   248/  310 batches | lr 0.001020 | 63.54 ms | loss 0.01012 | ppl     1.01
-----------------------------------------------------------------------------------------
| end of epoch  31 | time: 22.27s | valid loss 0.01232 | valid ppl     1.01
-----------------------------------------------------------------------------------------
| epoch  32 |    62/  310 batches | lr 0.000969 | 66.40 ms | loss 0.01001 | ppl     1.01
| epoch  32 |   124/  310 batches | lr 0.000969 | 63.73 ms | loss 0.00887 | ppl     1.01
| epoch  32 |   186/  310 batches | lr 0.000969 | 64.18 ms | loss 0.00867 | ppl     1.01
| epoch  32 |   248/  310 batches | lr 0.000969 | 63.42 ms | loss 0.01003 | ppl     1.01
-----------------------------------------------------------------------------------------
| end of epoch  32 | time: 21.38s | valid loss 0.01183 | valid ppl     1.01
-----------------------------------------------------------------------------------------
| epoch  33 |    62/  310 batches | lr 0.000920 | 63.55 ms | loss 0.00991 | ppl     1.01
| epoch  33 |   124/  310 batches | lr 0.000920 | 64.41 ms | loss 0.00872 | ppl     1.01
| epoch  33 |   186/  310 batches | lr 0.000920 | 66.43 ms | loss 0.00856 | ppl     1.01
| epoch  33 |   248/  310 batches | lr 0.000920 | 69.95 ms | loss 0.00991 | ppl     1.01
-----------------------------------------------------------------------------------------
| end of epoch  33 | time: 21.94s | valid loss 0.01166 | valid ppl     1.01
-----------------------------------------------------------------------------------------
| epoch  34 |    62/  310 batches | lr 0.000874 | 66.09 ms | loss 0.00980 | ppl     1.01
| epoch  34 |   124/  310 batches | lr 0.000874 | 63.92 ms | loss 0.00884 | ppl     1.01
| epoch  34 |   186/  310 batches | lr 0.000874 | 65.52 ms | loss 0.00853 | ppl     1.01
| epoch  34 |   248/  310 batches | lr 0.000874 | 63.86 ms | loss 0.00983 | ppl     1.01
-----------------------------------------------------------------------------------------
| end of epoch  34 | time: 21.48s | valid loss 0.01191 | valid ppl     1.01
-----------------------------------------------------------------------------------------
| epoch  35 |    62/  310 batches | lr 0.000830 | 65.00 ms | loss 0.00979 | ppl     1.01
| epoch  35 |   124/  310 batches | lr 0.000830 | 63.30 ms | loss 0.00873 | ppl     1.01
| epoch  35 |   186/  310 batches | lr 0.000830 | 63.74 ms | loss 0.00855 | ppl     1.01
| epoch  35 |   248/  310 batches | lr 0.000830 | 63.78 ms | loss 0.00986 | ppl     1.01
-----------------------------------------------------------------------------------------
| end of epoch  35 | time: 22.33s | valid loss 0.01751 | valid ppl     1.02
-----------------------------------------------------------------------------------------
| epoch  36 |    62/  310 batches | lr 0.000789 | 64.15 ms | loss 0.00954 | ppl     1.01
| epoch  36 |   124/  310 batches | lr 0.000789 | 63.08 ms | loss 0.00865 | ppl     1.01
| epoch  36 |   186/  310 batches | lr 0.000789 | 65.65 ms | loss 0.00853 | ppl     1.01
| epoch  36 |   248/  310 batches | lr 0.000789 | 70.21 ms | loss 0.00977 | ppl     1.01
-----------------------------------------------------------------------------------------
| end of epoch  36 | time: 21.94s | valid loss 0.01074 | valid ppl     1.01
-----------------------------------------------------------------------------------------
| epoch  37 |    62/  310 batches | lr 0.000749 | 66.32 ms | loss 0.00945 | ppl     1.01
| epoch  37 |   124/  310 batches | lr 0.000749 | 63.66 ms | loss 0.00877 | ppl     1.01
| epoch  37 |   186/  310 batches | lr 0.000749 | 63.83 ms | loss 0.00851 | ppl     1.01
| epoch  37 |   248/  310 batches | lr 0.000749 | 63.34 ms | loss 0.00969 | ppl     1.01
-----------------------------------------------------------------------------------------
| end of epoch  37 | time: 21.32s | valid loss 0.01076 | valid ppl     1.01
-----------------------------------------------------------------------------------------
| epoch  38 |    62/  310 batches | lr 0.000712 | 65.55 ms | loss 0.00954 | ppl     1.01
| epoch  38 |   124/  310 batches | lr 0.000712 | 64.81 ms | loss 0.00869 | ppl     1.01
| epoch  38 |   186/  310 batches | lr 0.000712 | 63.89 ms | loss 0.00844 | ppl     1.01
| epoch  38 |   248/  310 batches | lr 0.000712 | 63.51 ms | loss 0.00955 | ppl     1.01
-----------------------------------------------------------------------------------------
| end of epoch  38 | time: 21.32s | valid loss 0.01023 | valid ppl     1.01
-----------------------------------------------------------------------------------------
| epoch  39 |    62/  310 batches | lr 0.000676 | 64.55 ms | loss 0.00946 | ppl     1.01
| epoch  39 |   124/  310 batches | lr 0.000676 | 66.29 ms | loss 0.00869 | ppl     1.01
| epoch  39 |   186/  310 batches | lr 0.000676 | 69.05 ms | loss 0.00848 | ppl     1.01
| epoch  39 |   248/  310 batches | lr 0.000676 | 63.24 ms | loss 0.00936 | ppl     1.01
-----------------------------------------------------------------------------------------
| end of epoch  39 | time: 21.75s | valid loss 0.01025 | valid ppl     1.01
-----------------------------------------------------------------------------------------
| epoch  40 |    62/  310 batches | lr 0.000643 | 64.72 ms | loss 0.00950 | ppl     1.01
| epoch  40 |   124/  310 batches | lr 0.000643 | 63.06 ms | loss 0.00875 | ppl     1.01
| epoch  40 |   186/  310 batches | lr 0.000643 | 63.57 ms | loss 0.00849 | ppl     1.01
| epoch  40 |   248/  310 batches | lr 0.000643 | 67.20 ms | loss 0.00951 | ppl     1.01
-----------------------------------------------------------------------------------------
| end of epoch  40 | time: 22.39s | valid loss 0.01609 | valid ppl     1.02
-----------------------------------------------------------------------------------------
| epoch  41 |    62/  310 batches | lr 0.000610 | 65.08 ms | loss 0.00935 | ppl     1.01
| epoch  41 |   124/  310 batches | lr 0.000610 | 64.48 ms | loss 0.00868 | ppl     1.01
| epoch  41 |   186/  310 batches | lr 0.000610 | 65.02 ms | loss 0.00844 | ppl     1.01
| epoch  41 |   248/  310 batches | lr 0.000610 | 64.67 ms | loss 0.00942 | ppl     1.01
-----------------------------------------------------------------------------------------
| end of epoch  41 | time: 21.46s | valid loss 0.00998 | valid ppl     1.01
-----------------------------------------------------------------------------------------
| epoch  42 |    62/  310 batches | lr 0.000580 | 69.28 ms | loss 0.00930 | ppl     1.01
| epoch  42 |   124/  310 batches | lr 0.000580 | 69.80 ms | loss 0.00867 | ppl     1.01
| epoch  42 |   186/  310 batches | lr 0.000580 | 63.39 ms | loss 0.00841 | ppl     1.01
| epoch  42 |   248/  310 batches | lr 0.000580 | 62.75 ms | loss 0.00940 | ppl     1.01
-----------------------------------------------------------------------------------------
| end of epoch  42 | time: 21.76s | valid loss 0.00963 | valid ppl     1.01
-----------------------------------------------------------------------------------------
| epoch  43 |    62/  310 batches | lr 0.000551 | 64.92 ms | loss 0.00937 | ppl     1.01
| epoch  43 |   124/  310 batches | lr 0.000551 | 65.22 ms | loss 0.00864 | ppl     1.01
| epoch  43 |   186/  310 batches | lr 0.000551 | 65.01 ms | loss 0.00853 | ppl     1.01
| epoch  43 |   248/  310 batches | lr 0.000551 | 64.34 ms | loss 0.00938 | ppl     1.01
-----------------------------------------------------------------------------------------
| end of epoch  43 | time: 21.41s | valid loss 0.00985 | valid ppl     1.01
-----------------------------------------------------------------------------------------
| epoch  44 |    62/  310 batches | lr 0.000523 | 72.35 ms | loss 0.00924 | ppl     1.01
| epoch  44 |   124/  310 batches | lr 0.000523 | 68.04 ms | loss 0.00859 | ppl     1.01
| epoch  44 |   186/  310 batches | lr 0.000523 | 63.66 ms | loss 0.00841 | ppl     1.01
| epoch  44 |   248/  310 batches | lr 0.000523 | 63.49 ms | loss 0.00932 | ppl     1.01
-----------------------------------------------------------------------------------------
| end of epoch  44 | time: 22.43s | valid loss 0.00951 | valid ppl     1.01
-----------------------------------------------------------------------------------------
| epoch  45 |    62/  310 batches | lr 0.000497 | 71.74 ms | loss 0.00917 | ppl     1.01
| epoch  45 |   124/  310 batches | lr 0.000497 | 63.63 ms | loss 0.00857 | ppl     1.01
| epoch  45 |   186/  310 batches | lr 0.000497 | 62.45 ms | loss 0.00850 | ppl     1.01
| epoch  45 |   248/  310 batches | lr 0.000497 | 62.82 ms | loss 0.00920 | ppl     1.01
-----------------------------------------------------------------------------------------
| end of epoch  45 | time: 22.45s | valid loss 0.01452 | valid ppl     1.01
-----------------------------------------------------------------------------------------
| epoch  46 |    62/  310 batches | lr 0.000472 | 64.34 ms | loss 0.00916 | ppl     1.01
| epoch  46 |   124/  310 batches | lr 0.000472 | 63.46 ms | loss 0.00856 | ppl     1.01
| epoch  46 |   186/  310 batches | lr 0.000472 | 64.17 ms | loss 0.00847 | ppl     1.01
| epoch  46 |   248/  310 batches | lr 0.000472 | 63.36 ms | loss 0.00917 | ppl     1.01
-----------------------------------------------------------------------------------------
| end of epoch  46 | time: 21.20s | valid loss 0.01009 | valid ppl     1.01
-----------------------------------------------------------------------------------------
| epoch  47 |    62/  310 batches | lr 0.000449 | 64.92 ms | loss 0.00907 | ppl     1.01
| epoch  47 |   124/  310 batches | lr 0.000449 | 64.49 ms | loss 0.00852 | ppl     1.01
| epoch  47 |   186/  310 batches | lr 0.000449 | 62.29 ms | loss 0.00844 | ppl     1.01
| epoch  47 |   248/  310 batches | lr 0.000449 | 68.09 ms | loss 0.00921 | ppl     1.01
-----------------------------------------------------------------------------------------
| end of epoch  47 | time: 21.81s | valid loss 0.01009 | valid ppl     1.01
-----------------------------------------------------------------------------------------
| epoch  48 |    62/  310 batches | lr 0.000426 | 64.26 ms | loss 0.00913 | ppl     1.01
| epoch  48 |   124/  310 batches | lr 0.000426 | 63.03 ms | loss 0.00853 | ppl     1.01
| epoch  48 |   186/  310 batches | lr 0.000426 | 62.62 ms | loss 0.00845 | ppl     1.01
| epoch  48 |   248/  310 batches | lr 0.000426 | 63.38 ms | loss 0.00916 | ppl     1.01
-----------------------------------------------------------------------------------------
| end of epoch  48 | time: 21.07s | valid loss 0.01029 | valid ppl     1.01
-----------------------------------------------------------------------------------------
| epoch  49 |    62/  310 batches | lr 0.000405 | 64.27 ms | loss 0.00904 | ppl     1.01
| epoch  49 |   124/  310 batches | lr 0.000405 | 63.58 ms | loss 0.00846 | ppl     1.01
| epoch  49 |   186/  310 batches | lr 0.000405 | 65.05 ms | loss 0.00848 | ppl     1.01
| epoch  49 |   248/  310 batches | lr 0.000405 | 62.93 ms | loss 0.00911 | ppl     1.01
-----------------------------------------------------------------------------------------
| end of epoch  49 | time: 21.25s | valid loss 0.01049 | valid ppl     1.01
-----------------------------------------------------------------------------------------
| epoch  50 |    62/  310 batches | lr 0.000385 | 64.26 ms | loss 0.00898 | ppl     1.01
| epoch  50 |   124/  310 batches | lr 0.000385 | 63.56 ms | loss 0.00848 | ppl     1.01
| epoch  50 |   186/  310 batches | lr 0.000385 | 68.97 ms | loss 0.00838 | ppl     1.01
| epoch  50 |   248/  310 batches | lr 0.000385 | 66.55 ms | loss 0.00908 | ppl     1.01
-----------------------------------------------------------------------------------------
| end of epoch  50 | time: 22.70s | valid loss 0.01435 | valid ppl     1.01
-----------------------------------------------------------------------------------------
| epoch  51 |    62/  310 batches | lr 0.000365 | 64.60 ms | loss 0.00895 | ppl     1.01
| epoch  51 |   124/  310 batches | lr 0.000365 | 64.26 ms | loss 0.00850 | ppl     1.01
| epoch  51 |   186/  310 batches | lr 0.000365 | 63.67 ms | loss 0.00842 | ppl     1.01
| epoch  51 |   248/  310 batches | lr 0.000365 | 64.10 ms | loss 0.00905 | ppl     1.01
-----------------------------------------------------------------------------------------
| end of epoch  51 | time: 21.44s | valid loss 0.01148 | valid ppl     1.01
-----------------------------------------------------------------------------------------
| epoch  52 |    62/  310 batches | lr 0.000347 | 63.90 ms | loss 0.00900 | ppl     1.01
| epoch  52 |   124/  310 batches | lr 0.000347 | 63.32 ms | loss 0.00845 | ppl     1.01
| epoch  52 |   186/  310 batches | lr 0.000347 | 64.05 ms | loss 0.00843 | ppl     1.01
| epoch  52 |   248/  310 batches | lr 0.000347 | 63.53 ms | loss 0.00897 | ppl     1.01
-----------------------------------------------------------------------------------------
| end of epoch  52 | time: 21.15s | valid loss 0.01184 | valid ppl     1.01
-----------------------------------------------------------------------------------------
| epoch  53 |    62/  310 batches | lr 0.000330 | 66.37 ms | loss 0.00891 | ppl     1.01
| epoch  53 |   124/  310 batches | lr 0.000330 | 72.72 ms | loss 0.00842 | ppl     1.01
| epoch  53 |   186/  310 batches | lr 0.000330 | 63.63 ms | loss 0.00837 | ppl     1.01
| epoch  53 |   248/  310 batches | lr 0.000330 | 63.31 ms | loss 0.00900 | ppl     1.01
-----------------------------------------------------------------------------------------
| end of epoch  53 | time: 21.83s | valid loss 0.01236 | valid ppl     1.01
-----------------------------------------------------------------------------------------
| epoch  54 |    62/  310 batches | lr 0.000313 | 64.42 ms | loss 0.00887 | ppl     1.01
| epoch  54 |   124/  310 batches | lr 0.000313 | 63.85 ms | loss 0.00843 | ppl     1.01
| epoch  54 |   186/  310 batches | lr 0.000313 | 64.60 ms | loss 0.00835 | ppl     1.01
| epoch  54 |   248/  310 batches | lr 0.000313 | 65.04 ms | loss 0.00903 | ppl     1.01
-----------------------------------------------------------------------------------------
| end of epoch  54 | time: 21.39s | valid loss 0.01263 | valid ppl     1.01
-----------------------------------------------------------------------------------------
| epoch  55 |    62/  310 batches | lr 0.000298 | 64.89 ms | loss 0.00886 | ppl     1.01
| epoch  55 |   124/  310 batches | lr 0.000298 | 63.66 ms | loss 0.00843 | ppl     1.01
| epoch  55 |   186/  310 batches | lr 0.000298 | 64.06 ms | loss 0.00835 | ppl     1.01
| epoch  55 |   248/  310 batches | lr 0.000298 | 63.76 ms | loss 0.00903 | ppl     1.01
-----------------------------------------------------------------------------------------
| end of epoch  55 | time: 22.58s | valid loss 0.01514 | valid ppl     1.02
-----------------------------------------------------------------------------------------
| epoch  56 |    62/  310 batches | lr 0.000283 | 69.42 ms | loss 0.00894 | ppl     1.01
| epoch  56 |   124/  310 batches | lr 0.000283 | 64.45 ms | loss 0.00847 | ppl     1.01
| epoch  56 |   186/  310 batches | lr 0.000283 | 64.77 ms | loss 0.00827 | ppl     1.01
| epoch  56 |   248/  310 batches | lr 0.000283 | 63.79 ms | loss 0.00908 | ppl     1.01
-----------------------------------------------------------------------------------------
| end of epoch  56 | time: 21.60s | valid loss 0.01360 | valid ppl     1.01
-----------------------------------------------------------------------------------------
| epoch  57 |    62/  310 batches | lr 0.000269 | 65.18 ms | loss 0.00885 | ppl     1.01
| epoch  57 |   124/  310 batches | lr 0.000269 | 64.30 ms | loss 0.00841 | ppl     1.01
| epoch  57 |   186/  310 batches | lr 0.000269 | 64.57 ms | loss 0.00831 | ppl     1.01
| epoch  57 |   248/  310 batches | lr 0.000269 | 63.44 ms | loss 0.00910 | ppl     1.01
-----------------------------------------------------------------------------------------
| end of epoch  57 | time: 21.33s | valid loss 0.01386 | valid ppl     1.01
-----------------------------------------------------------------------------------------
| epoch  58 |    62/  310 batches | lr 0.000255 | 63.46 ms | loss 0.00884 | ppl     1.01
| epoch  58 |   124/  310 batches | lr 0.000255 | 62.88 ms | loss 0.00844 | ppl     1.01
| epoch  58 |   186/  310 batches | lr 0.000255 | 63.27 ms | loss 0.00829 | ppl     1.01
| epoch  58 |   248/  310 batches | lr 0.000255 | 63.14 ms | loss 0.00908 | ppl     1.01
-----------------------------------------------------------------------------------------
| end of epoch  58 | time: 21.51s | valid loss 0.01406 | valid ppl     1.01
-----------------------------------------------------------------------------------------
| epoch  59 |    62/  310 batches | lr 0.000242 | 63.85 ms | loss 0.00878 | ppl     1.01
| epoch  59 |   124/  310 batches | lr 0.000242 | 64.19 ms | loss 0.00851 | ppl     1.01
| epoch  59 |   186/  310 batches | lr 0.000242 | 63.10 ms | loss 0.00824 | ppl     1.01
| epoch  59 |   248/  310 batches | lr 0.000242 | 62.68 ms | loss 0.00909 | ppl     1.01
-----------------------------------------------------------------------------------------
| end of epoch  59 | time: 21.17s | valid loss 0.01400 | valid ppl     1.01
-----------------------------------------------------------------------------------------
| epoch  60 |    62/  310 batches | lr 0.000230 | 65.68 ms | loss 0.00873 | ppl     1.01
| epoch  60 |   124/  310 batches | lr 0.000230 | 65.38 ms | loss 0.00845 | ppl     1.01
| epoch  60 |   186/  310 batches | lr 0.000230 | 62.46 ms | loss 0.00825 | ppl     1.01
| epoch  60 |   248/  310 batches | lr 0.000230 | 62.95 ms | loss 0.00907 | ppl     1.01
-----------------------------------------------------------------------------------------
| end of epoch  60 | time: 22.19s | valid loss 0.01492 | valid ppl     1.02
-----------------------------------------------------------------------------------------
| epoch  61 |    62/  310 batches | lr 0.000219 | 64.24 ms | loss 0.00873 | ppl     1.01
| epoch  61 |   124/  310 batches | lr 0.000219 | 63.18 ms | loss 0.00845 | ppl     1.01
| epoch  61 |   186/  310 batches | lr 0.000219 | 63.30 ms | loss 0.00829 | ppl     1.01
| epoch  61 |   248/  310 batches | lr 0.000219 | 70.38 ms | loss 0.00906 | ppl     1.01
-----------------------------------------------------------------------------------------
| end of epoch  61 | time: 21.52s | valid loss 0.01354 | valid ppl     1.01
-----------------------------------------------------------------------------------------
| epoch  62 |    62/  310 batches | lr 0.000208 | 63.44 ms | loss 0.00868 | ppl     1.01
| epoch  62 |   124/  310 batches | lr 0.000208 | 63.37 ms | loss 0.00842 | ppl     1.01
| epoch  62 |   186/  310 batches | lr 0.000208 | 64.07 ms | loss 0.00822 | ppl     1.01
| epoch  62 |   248/  310 batches | lr 0.000208 | 64.04 ms | loss 0.00901 | ppl     1.01
-----------------------------------------------------------------------------------------
| end of epoch  62 | time: 21.27s | valid loss 0.01324 | valid ppl     1.01
-----------------------------------------------------------------------------------------
| epoch  63 |    62/  310 batches | lr 0.000197 | 64.80 ms | loss 0.00862 | ppl     1.01
| epoch  63 |   124/  310 batches | lr 0.000197 | 63.87 ms | loss 0.00841 | ppl     1.01
| epoch  63 |   186/  310 batches | lr 0.000197 | 64.88 ms | loss 0.00818 | ppl     1.01
| epoch  63 |   248/  310 batches | lr 0.000197 | 62.83 ms | loss 0.00893 | ppl     1.01
-----------------------------------------------------------------------------------------
| end of epoch  63 | time: 21.33s | valid loss 0.01296 | valid ppl     1.01
-----------------------------------------------------------------------------------------
| epoch  64 |    62/  310 batches | lr 0.000188 | 65.07 ms | loss 0.00857 | ppl     1.01
| epoch  64 |   124/  310 batches | lr 0.000188 | 64.50 ms | loss 0.00832 | ppl     1.01
| epoch  64 |   186/  310 batches | lr 0.000188 | 74.06 ms | loss 0.00814 | ppl     1.01
| epoch  64 |   248/  310 batches | lr 0.000188 | 64.05 ms | loss 0.00894 | ppl     1.01
-----------------------------------------------------------------------------------------
| end of epoch  64 | time: 22.02s | valid loss 0.01256 | valid ppl     1.01
-----------------------------------------------------------------------------------------
| epoch  65 |    62/  310 batches | lr 0.000178 | 64.27 ms | loss 0.00859 | ppl     1.01
| epoch  65 |   124/  310 batches | lr 0.000178 | 62.92 ms | loss 0.00829 | ppl     1.01
| epoch  65 |   186/  310 batches | lr 0.000178 | 63.91 ms | loss 0.00810 | ppl     1.01
| epoch  65 |   248/  310 batches | lr 0.000178 | 62.77 ms | loss 0.00887 | ppl     1.01
-----------------------------------------------------------------------------------------
| end of epoch  65 | time: 22.30s | valid loss 0.01416 | valid ppl     1.01
-----------------------------------------------------------------------------------------
| epoch  66 |    62/  310 batches | lr 0.000169 | 64.32 ms | loss 0.00854 | ppl     1.01
| epoch  66 |   124/  310 batches | lr 0.000169 | 63.51 ms | loss 0.00824 | ppl     1.01
| epoch  66 |   186/  310 batches | lr 0.000169 | 62.99 ms | loss 0.00807 | ppl     1.01
| epoch  66 |   248/  310 batches | lr 0.000169 | 63.37 ms | loss 0.00881 | ppl     1.01
-----------------------------------------------------------------------------------------
| end of epoch  66 | time: 21.07s | valid loss 0.01195 | valid ppl     1.01
-----------------------------------------------------------------------------------------
| epoch  67 |    62/  310 batches | lr 0.000161 | 67.75 ms | loss 0.00856 | ppl     1.01
| epoch  67 |   124/  310 batches | lr 0.000161 | 67.17 ms | loss 0.00822 | ppl     1.01
| epoch  67 |   186/  310 batches | lr 0.000161 | 62.98 ms | loss 0.00803 | ppl     1.01
| epoch  67 |   248/  310 batches | lr 0.000161 | 61.75 ms | loss 0.00878 | ppl     1.01
-----------------------------------------------------------------------------------------
| end of epoch  67 | time: 21.46s | valid loss 0.01172 | valid ppl     1.01
-----------------------------------------------------------------------------------------
| epoch  68 |    62/  310 batches | lr 0.000153 | 63.96 ms | loss 0.00850 | ppl     1.01
| epoch  68 |   124/  310 batches | lr 0.000153 | 63.05 ms | loss 0.00823 | ppl     1.01
| epoch  68 |   186/  310 batches | lr 0.000153 | 63.01 ms | loss 0.00801 | ppl     1.01
| epoch  68 |   248/  310 batches | lr 0.000153 | 63.52 ms | loss 0.00867 | ppl     1.01
-----------------------------------------------------------------------------------------
| end of epoch  68 | time: 21.10s | valid loss 0.01139 | valid ppl     1.01
-----------------------------------------------------------------------------------------
| epoch  69 |    62/  310 batches | lr 0.000145 | 64.06 ms | loss 0.00842 | ppl     1.01
| epoch  69 |   124/  310 batches | lr 0.000145 | 63.82 ms | loss 0.00817 | ppl     1.01
| epoch  69 |   186/  310 batches | lr 0.000145 | 64.27 ms | loss 0.00796 | ppl     1.01
| epoch  69 |   248/  310 batches | lr 0.000145 | 63.00 ms | loss 0.00872 | ppl     1.01
-----------------------------------------------------------------------------------------
| end of epoch  69 | time: 21.39s | valid loss 0.01118 | valid ppl     1.01
-----------------------------------------------------------------------------------------
| epoch  70 |    62/  310 batches | lr 0.000138 | 72.03 ms | loss 0.00846 | ppl     1.01
| epoch  70 |   124/  310 batches | lr 0.000138 | 66.61 ms | loss 0.00817 | ppl     1.01
| epoch  70 |   186/  310 batches | lr 0.000138 | 70.82 ms | loss 0.00792 | ppl     1.01
| epoch  70 |   248/  310 batches | lr 0.000138 | 62.19 ms | loss 0.00865 | ppl     1.01
-----------------------------------------------------------------------------------------
| end of epoch  70 | time: 23.41s | valid loss 0.01317 | valid ppl     1.01
-----------------------------------------------------------------------------------------
| epoch  71 |    62/  310 batches | lr 0.000131 | 65.01 ms | loss 0.00838 | ppl     1.01
| epoch  71 |   124/  310 batches | lr 0.000131 | 63.48 ms | loss 0.00810 | ppl     1.01
| epoch  71 |   186/  310 batches | lr 0.000131 | 63.31 ms | loss 0.00790 | ppl     1.01
| epoch  71 |   248/  310 batches | lr 0.000131 | 64.66 ms | loss 0.00856 | ppl     1.01
-----------------------------------------------------------------------------------------
| end of epoch  71 | time: 21.21s | valid loss 0.01076 | valid ppl     1.01
-----------------------------------------------------------------------------------------
| epoch  72 |    62/  310 batches | lr 0.000124 | 63.87 ms | loss 0.00836 | ppl     1.01
| epoch  72 |   124/  310 batches | lr 0.000124 | 64.11 ms | loss 0.00809 | ppl     1.01
| epoch  72 |   186/  310 batches | lr 0.000124 | 62.28 ms | loss 0.00785 | ppl     1.01
| epoch  72 |   248/  310 batches | lr 0.000124 | 68.35 ms | loss 0.00852 | ppl     1.01
-----------------------------------------------------------------------------------------
| end of epoch  72 | time: 21.56s | valid loss 0.01066 | valid ppl     1.01
-----------------------------------------------------------------------------------------
| epoch  73 |    62/  310 batches | lr 0.000118 | 65.18 ms | loss 0.00837 | ppl     1.01
| epoch  73 |   124/  310 batches | lr 0.000118 | 63.74 ms | loss 0.00807 | ppl     1.01
| epoch  73 |   186/  310 batches | lr 0.000118 | 62.79 ms | loss 0.00792 | ppl     1.01
| epoch  73 |   248/  310 batches | lr 0.000118 | 62.27 ms | loss 0.00854 | ppl     1.01
-----------------------------------------------------------------------------------------
| end of epoch  73 | time: 21.17s | valid loss 0.01052 | valid ppl     1.01
-----------------------------------------------------------------------------------------
| epoch  74 |    62/  310 batches | lr 0.000112 | 64.05 ms | loss 0.00831 | ppl     1.01
| epoch  74 |   124/  310 batches | lr 0.000112 | 64.43 ms | loss 0.00809 | ppl     1.01
| epoch  74 |   186/  310 batches | lr 0.000112 | 63.18 ms | loss 0.00787 | ppl     1.01
| epoch  74 |   248/  310 batches | lr 0.000112 | 64.16 ms | loss 0.00849 | ppl     1.01
-----------------------------------------------------------------------------------------
| end of epoch  74 | time: 21.21s | valid loss 0.01041 | valid ppl     1.01
-----------------------------------------------------------------------------------------
| epoch  75 |    62/  310 batches | lr 0.000107 | 64.00 ms | loss 0.00835 | ppl     1.01
| epoch  75 |   124/  310 batches | lr 0.000107 | 63.81 ms | loss 0.00810 | ppl     1.01
| epoch  75 |   186/  310 batches | lr 0.000107 | 66.58 ms | loss 0.00784 | ppl     1.01
| epoch  75 |   248/  310 batches | lr 0.000107 | 70.80 ms | loss 0.00850 | ppl     1.01
-----------------------------------------------------------------------------------------
| end of epoch  75 | time: 22.95s | valid loss 0.01252 | valid ppl     1.01
-----------------------------------------------------------------------------------------
| epoch  76 |    62/  310 batches | lr 0.000101 | 65.41 ms | loss 0.00827 | ppl     1.01
| epoch  76 |   124/  310 batches | lr 0.000101 | 63.28 ms | loss 0.00802 | ppl     1.01
| epoch  76 |   186/  310 batches | lr 0.000101 | 84.21 ms | loss 0.00781 | ppl     1.01
| epoch  76 |   248/  310 batches | lr 0.000101 | 72.87 ms | loss 0.00846 | ppl     1.01
-----------------------------------------------------------------------------------------
| end of epoch  76 | time: 24.54s | valid loss 0.01016 | valid ppl     1.01
-----------------------------------------------------------------------------------------
| epoch  77 |    62/  310 batches | lr 0.000096 | 65.48 ms | loss 0.00829 | ppl     1.01
| epoch  77 |   124/  310 batches | lr 0.000096 | 63.10 ms | loss 0.00806 | ppl     1.01
| epoch  77 |   186/  310 batches | lr 0.000096 | 67.89 ms | loss 0.00777 | ppl     1.01
| epoch  77 |   248/  310 batches | lr 0.000096 | 69.07 ms | loss 0.00848 | ppl     1.01
-----------------------------------------------------------------------------------------
| end of epoch  77 | time: 22.05s | valid loss 0.00995 | valid ppl     1.01
-----------------------------------------------------------------------------------------
| epoch  78 |    62/  310 batches | lr 0.000091 | 72.13 ms | loss 0.00822 | ppl     1.01
| epoch  78 |   124/  310 batches | lr 0.000091 | 75.40 ms | loss 0.00801 | ppl     1.01
| epoch  78 |   186/  310 batches | lr 0.000091 | 77.61 ms | loss 0.00773 | ppl     1.01
| epoch  78 |   248/  310 batches | lr 0.000091 | 63.01 ms | loss 0.00844 | ppl     1.01
-----------------------------------------------------------------------------------------
| end of epoch  78 | time: 23.48s | valid loss 0.00989 | valid ppl     1.01
-----------------------------------------------------------------------------------------
| epoch  79 |    62/  310 batches | lr 0.000087 | 64.86 ms | loss 0.00821 | ppl     1.01
| epoch  79 |   124/  310 batches | lr 0.000087 | 72.13 ms | loss 0.00797 | ppl     1.01
| epoch  79 |   186/  310 batches | lr 0.000087 | 66.10 ms | loss 0.00777 | ppl     1.01
| epoch  79 |   248/  310 batches | lr 0.000087 | 63.44 ms | loss 0.00842 | ppl     1.01
-----------------------------------------------------------------------------------------
| end of epoch  79 | time: 21.93s | valid loss 0.00987 | valid ppl     1.01
-----------------------------------------------------------------------------------------
| epoch  80 |    62/  310 batches | lr 0.000083 | 65.10 ms | loss 0.00822 | ppl     1.01
| epoch  80 |   124/  310 batches | lr 0.000083 | 63.11 ms | loss 0.00801 | ppl     1.01
| epoch  80 |   186/  310 batches | lr 0.000083 | 64.96 ms | loss 0.00772 | ppl     1.01
| epoch  80 |   248/  310 batches | lr 0.000083 | 65.19 ms | loss 0.00843 | ppl     1.01
-----------------------------------------------------------------------------------------
| end of epoch  80 | time: 22.89s | valid loss 0.01206 | valid ppl     1.01
-----------------------------------------------------------------------------------------
| epoch  81 |    62/  310 batches | lr 0.000078 | 65.42 ms | loss 0.00821 | ppl     1.01
| epoch  81 |   124/  310 batches | lr 0.000078 | 63.13 ms | loss 0.00799 | ppl     1.01
| epoch  81 |   186/  310 batches | lr 0.000078 | 64.68 ms | loss 0.00772 | ppl     1.01
| epoch  81 |   248/  310 batches | lr 0.000078 | 63.30 ms | loss 0.00836 | ppl     1.01
-----------------------------------------------------------------------------------------
| end of epoch  81 | time: 21.24s | valid loss 0.00965 | valid ppl     1.01
-----------------------------------------------------------------------------------------
| epoch  82 |    62/  310 batches | lr 0.000075 | 66.25 ms | loss 0.00820 | ppl     1.01
| epoch  82 |   124/  310 batches | lr 0.000075 | 63.43 ms | loss 0.00798 | ppl     1.01
| epoch  82 |   186/  310 batches | lr 0.000075 | 62.91 ms | loss 0.00774 | ppl     1.01
| epoch  82 |   248/  310 batches | lr 0.000075 | 62.66 ms | loss 0.00840 | ppl     1.01
-----------------------------------------------------------------------------------------
| end of epoch  82 | time: 21.28s | valid loss 0.00968 | valid ppl     1.01
-----------------------------------------------------------------------------------------
| epoch  83 |    62/  310 batches | lr 0.000071 | 64.75 ms | loss 0.00817 | ppl     1.01
| epoch  83 |   124/  310 batches | lr 0.000071 | 62.48 ms | loss 0.00796 | ppl     1.01
| epoch  83 |   186/  310 batches | lr 0.000071 | 70.13 ms | loss 0.00767 | ppl     1.01
| epoch  83 |   248/  310 batches | lr 0.000071 | 65.85 ms | loss 0.00836 | ppl     1.01
-----------------------------------------------------------------------------------------
| end of epoch  83 | time: 21.76s | valid loss 0.00960 | valid ppl     1.01
-----------------------------------------------------------------------------------------
| epoch  84 |    62/  310 batches | lr 0.000067 | 64.01 ms | loss 0.00817 | ppl     1.01
| epoch  84 |   124/  310 batches | lr 0.000067 | 63.35 ms | loss 0.00798 | ppl     1.01
| epoch  84 |   186/  310 batches | lr 0.000067 | 63.49 ms | loss 0.00768 | ppl     1.01
| epoch  84 |   248/  310 batches | lr 0.000067 | 64.56 ms | loss 0.00835 | ppl     1.01
-----------------------------------------------------------------------------------------
| end of epoch  84 | time: 21.20s | valid loss 0.00948 | valid ppl     1.01
-----------------------------------------------------------------------------------------
| epoch  85 |    62/  310 batches | lr 0.000064 | 65.54 ms | loss 0.00820 | ppl     1.01
| epoch  85 |   124/  310 batches | lr 0.000064 | 64.36 ms | loss 0.00795 | ppl     1.01
| epoch  85 |   186/  310 batches | lr 0.000064 | 63.27 ms | loss 0.00768 | ppl     1.01
| epoch  85 |   248/  310 batches | lr 0.000064 | 66.32 ms | loss 0.00836 | ppl     1.01
-----------------------------------------------------------------------------------------
| end of epoch  85 | time: 22.72s | valid loss 0.01172 | valid ppl     1.01
-----------------------------------------------------------------------------------------
| epoch  86 |    62/  310 batches | lr 0.000061 | 64.91 ms | loss 0.00819 | ppl     1.01
| epoch  86 |   124/  310 batches | lr 0.000061 | 76.35 ms | loss 0.00794 | ppl     1.01
| epoch  86 |   186/  310 batches | lr 0.000061 | 66.88 ms | loss 0.00765 | ppl     1.01
| epoch  86 |   248/  310 batches | lr 0.000061 | 62.42 ms | loss 0.00833 | ppl     1.01
-----------------------------------------------------------------------------------------
| end of epoch  86 | time: 22.10s | valid loss 0.00936 | valid ppl     1.01
-----------------------------------------------------------------------------------------
| epoch  87 |    62/  310 batches | lr 0.000058 | 64.76 ms | loss 0.00813 | ppl     1.01
| epoch  87 |   124/  310 batches | lr 0.000058 | 65.01 ms | loss 0.00794 | ppl     1.01
| epoch  87 |   186/  310 batches | lr 0.000058 | 64.64 ms | loss 0.00768 | ppl     1.01
| epoch  87 |   248/  310 batches | lr 0.000058 | 64.34 ms | loss 0.00831 | ppl     1.01
-----------------------------------------------------------------------------------------
| end of epoch  87 | time: 21.45s | valid loss 0.00931 | valid ppl     1.01
-----------------------------------------------------------------------------------------
| epoch  88 |    62/  310 batches | lr 0.000055 | 70.54 ms | loss 0.00816 | ppl     1.01
| epoch  88 |   124/  310 batches | lr 0.000055 | 70.51 ms | loss 0.00794 | ppl     1.01
| epoch  88 |   186/  310 batches | lr 0.000055 | 62.53 ms | loss 0.00767 | ppl     1.01
| epoch  88 |   248/  310 batches | lr 0.000055 | 63.65 ms | loss 0.00833 | ppl     1.01
-----------------------------------------------------------------------------------------
| end of epoch  88 | time: 22.21s | valid loss 0.00927 | valid ppl     1.01
-----------------------------------------------------------------------------------------
| epoch  89 |    62/  310 batches | lr 0.000052 | 66.81 ms | loss 0.00813 | ppl     1.01
| epoch  89 |   124/  310 batches | lr 0.000052 | 66.44 ms | loss 0.00793 | ppl     1.01
| epoch  89 |   186/  310 batches | lr 0.000052 | 62.94 ms | loss 0.00766 | ppl     1.01
| epoch  89 |   248/  310 batches | lr 0.000052 | 62.70 ms | loss 0.00833 | ppl     1.01
-----------------------------------------------------------------------------------------
| end of epoch  89 | time: 21.41s | valid loss 0.00924 | valid ppl     1.01
-----------------------------------------------------------------------------------------
| epoch  90 |    62/  310 batches | lr 0.000049 | 65.31 ms | loss 0.00816 | ppl     1.01
| epoch  90 |   124/  310 batches | lr 0.000049 | 64.39 ms | loss 0.00792 | ppl     1.01
| epoch  90 |   186/  310 batches | lr 0.000049 | 64.56 ms | loss 0.00762 | ppl     1.01
| epoch  90 |   248/  310 batches | lr 0.000049 | 63.22 ms | loss 0.00828 | ppl     1.01
-----------------------------------------------------------------------------------------
| end of epoch  90 | time: 22.21s | valid loss 0.01141 | valid ppl     1.01
-----------------------------------------------------------------------------------------
| epoch  91 |    62/  310 batches | lr 0.000047 | 64.00 ms | loss 0.00812 | ppl     1.01
| epoch  91 |   124/  310 batches | lr 0.000047 | 63.32 ms | loss 0.00787 | ppl     1.01
| epoch  91 |   186/  310 batches | lr 0.000047 | 63.18 ms | loss 0.00762 | ppl     1.01
| epoch  91 |   248/  310 batches | lr 0.000047 | 65.27 ms | loss 0.00830 | ppl     1.01
-----------------------------------------------------------------------------------------
| end of epoch  91 | time: 21.58s | valid loss 0.00919 | valid ppl     1.01
-----------------------------------------------------------------------------------------
| epoch  92 |    62/  310 batches | lr 0.000045 | 67.41 ms | loss 0.00810 | ppl     1.01
| epoch  92 |   124/  310 batches | lr 0.000045 | 63.67 ms | loss 0.00789 | ppl     1.01
| epoch  92 |   186/  310 batches | lr 0.000045 | 63.38 ms | loss 0.00763 | ppl     1.01
| epoch  92 |   248/  310 batches | lr 0.000045 | 64.45 ms | loss 0.00830 | ppl     1.01
-----------------------------------------------------------------------------------------
| end of epoch  92 | time: 21.39s | valid loss 0.00920 | valid ppl     1.01
-----------------------------------------------------------------------------------------
| epoch  93 |    62/  310 batches | lr 0.000042 | 66.09 ms | loss 0.00814 | ppl     1.01
| epoch  93 |   124/  310 batches | lr 0.000042 | 62.75 ms | loss 0.00790 | ppl     1.01
| epoch  93 |   186/  310 batches | lr 0.000042 | 64.40 ms | loss 0.00762 | ppl     1.01
| epoch  93 |   248/  310 batches | lr 0.000042 | 63.21 ms | loss 0.00835 | ppl     1.01
-----------------------------------------------------------------------------------------
| end of epoch  93 | time: 21.28s | valid loss 0.00919 | valid ppl     1.01
-----------------------------------------------------------------------------------------
| epoch  94 |    62/  310 batches | lr 0.000040 | 64.99 ms | loss 0.00810 | ppl     1.01
| epoch  94 |   124/  310 batches | lr 0.000040 | 64.37 ms | loss 0.00786 | ppl     1.01
| epoch  94 |   186/  310 batches | lr 0.000040 | 67.78 ms | loss 0.00763 | ppl     1.01
| epoch  94 |   248/  310 batches | lr 0.000040 | 65.10 ms | loss 0.00831 | ppl     1.01
-----------------------------------------------------------------------------------------
| end of epoch  94 | time: 21.87s | valid loss 0.00921 | valid ppl     1.01
-----------------------------------------------------------------------------------------
| epoch  95 |    62/  310 batches | lr 0.000038 | 64.85 ms | loss 0.00809 | ppl     1.01
| epoch  95 |   124/  310 batches | lr 0.000038 | 62.80 ms | loss 0.00784 | ppl     1.01
| epoch  95 |   186/  310 batches | lr 0.000038 | 63.61 ms | loss 0.00766 | ppl     1.01
| epoch  95 |   248/  310 batches | lr 0.000038 | 62.99 ms | loss 0.00825 | ppl     1.01
-----------------------------------------------------------------------------------------
| end of epoch  95 | time: 22.11s | valid loss 0.01137 | valid ppl     1.01
-----------------------------------------------------------------------------------------
| epoch  96 |    62/  310 batches | lr 0.000036 | 64.98 ms | loss 0.00807 | ppl     1.01
| epoch  96 |   124/  310 batches | lr 0.000036 | 64.90 ms | loss 0.00787 | ppl     1.01
| epoch  96 |   186/  310 batches | lr 0.000036 | 64.79 ms | loss 0.00763 | ppl     1.01
| epoch  96 |   248/  310 batches | lr 0.000036 | 63.29 ms | loss 0.00827 | ppl     1.01
-----------------------------------------------------------------------------------------
| end of epoch  96 | time: 21.37s | valid loss 0.00928 | valid ppl     1.01
-----------------------------------------------------------------------------------------
| epoch  97 |    62/  310 batches | lr 0.000035 | 64.92 ms | loss 0.00806 | ppl     1.01
| epoch  97 |   124/  310 batches | lr 0.000035 | 68.63 ms | loss 0.00784 | ppl     1.01
| epoch  97 |   186/  310 batches | lr 0.000035 | 64.16 ms | loss 0.00763 | ppl     1.01
| epoch  97 |   248/  310 batches | lr 0.000035 | 66.85 ms | loss 0.00832 | ppl     1.01
-----------------------------------------------------------------------------------------
| end of epoch  97 | time: 21.74s | valid loss 0.00932 | valid ppl     1.01
-----------------------------------------------------------------------------------------
| epoch  98 |    62/  310 batches | lr 0.000033 | 63.51 ms | loss 0.00806 | ppl     1.01
| epoch  98 |   124/  310 batches | lr 0.000033 | 64.43 ms | loss 0.00782 | ppl     1.01
| epoch  98 |   186/  310 batches | lr 0.000033 | 64.88 ms | loss 0.00759 | ppl     1.01
| epoch  98 |   248/  310 batches | lr 0.000033 | 63.92 ms | loss 0.00831 | ppl     1.01
-----------------------------------------------------------------------------------------
| end of epoch  98 | time: 21.31s | valid loss 0.00936 | valid ppl     1.01
-----------------------------------------------------------------------------------------
| epoch  99 |    62/  310 batches | lr 0.000031 | 66.09 ms | loss 0.00805 | ppl     1.01
| epoch  99 |   124/  310 batches | lr 0.000031 | 64.16 ms | loss 0.00785 | ppl     1.01
| epoch  99 |   186/  310 batches | lr 0.000031 | 63.05 ms | loss 0.00760 | ppl     1.01
| epoch  99 |   248/  310 batches | lr 0.000031 | 63.30 ms | loss 0.00825 | ppl     1.01
-----------------------------------------------------------------------------------------
| end of epoch  99 | time: 21.28s | valid loss 0.00940 | valid ppl     1.01
-----------------------------------------------------------------------------------------
| epoch 100 |    62/  310 batches | lr 0.000030 | 72.54 ms | loss 0.00802 | ppl     1.01
| epoch 100 |   124/  310 batches | lr 0.000030 | 64.11 ms | loss 0.00790 | ppl     1.01
| epoch 100 |   186/  310 batches | lr 0.000030 | 65.62 ms | loss 0.00758 | ppl     1.01
| epoch 100 |   248/  310 batches | lr 0.000030 | 62.70 ms | loss 0.00825 | ppl     1.01
-----------------------------------------------------------------------------------------
| end of epoch 100 | time: 22.69s | valid loss 0.01152 | valid ppl     1.01
-----------------------------------------------------------------------------------------
